
TD9C73300 000:000 SEGGER J-Link V4.80 Log File (0000ms, 0000ms total)
TD9C73300 000:000 DLL Compiled: Dec 20 2013 19:40:51 (0000ms, 0000ms total)
TD9C73300 000:000 Logging started @ 2014-08-25 14:51 (0000ms, 0000ms total)
TD9C73300 000:000 JLINK_SetWarnOutHandler(...) (0000ms, 0000ms total)
TD9C73300 000:000 JLINK_SelectUSB(Port = 0)  returns 0x00 (0000ms, 0000ms total)
TD9C73300 000:000 JLINK_OpenEx(...)
Firmware: J-Link ARM V8 compiled Jul 17 2014 12:31:18
Hardware: V8.00
S/N: 87878787
Feature(s): RDI, FlashBP, FlashDL, JFlash, GDBFull  returns O.K. (0256ms, 0256ms total)
TD9C73300 000:256 JLINK_SetErrorOutHandler(...) (0000ms, 0256ms total)
TD9C73300 000:256 JLINK_EnableLog(...) (0000ms, 0256ms total)
TD9C73300 000:256 JLINK_SetInitRegsOnReset(OFF)  returns 0x01 (0000ms, 0256ms total)
TD9C73300 000:256 JLINK_ExecCommand("device=stm32f103rc", ...)Device "STM32F103RC" selected (256 KB flash, 48 KB RAM).  returns 0x00 (0001ms, 0257ms total)
TD9C73300 000:257 JLINK_GetDLLVersion()  returns 48000 (0000ms, 0257ms total)
TD9C73300 000:257 JLINK_GetCompileDateTime() (0000ms, 0257ms total)
TD9C73300 000:257 JLINK_GetFirmwareString(...) (0000ms, 0257ms total)
TD9C73300 000:257 JLINK_GetHardwareVersion()  returns 0x13880 (0000ms, 0257ms total)
TD9C73300 000:257 JLINK_EMU_HasCapEx(0x00000026)  returns 0x00 (0000ms, 0257ms total)
TD9C73300 000:257 JLINK_EMU_GetProductId() (0000ms, 0257ms total)
TD9C73300 000:257 JLINK_GetHardwareVersion()  returns 0x13880 (0000ms, 0257ms total)
TD9C73300 000:257 JLINK_GetFirmwareString(...) (0000ms, 0257ms total)
TD9C73300 000:257 JLINK_GetEmuCaps()  returns 0xB9FF7BBF (0000ms, 0257ms total)
TD9C73300 000:257 JLINK_GetEmuCaps()  returns 0xB9FF7BBF (0000ms, 0257ms total)
TD9C73300 000:257 JLINK_GetHWStatus(...)  returns 0x00 (0001ms, 0258ms total)
TD9C73300 000:258 JLINK_SetSpeed(2000) (0000ms, 0258ms total)
TD9C73300 000:258 JLINK_GetEmuCaps()  returns 0xB9FF7BBF (0000ms, 0258ms total)
TD9C73300 000:258 JLINK_TIF_GetAvailable(...) (0000ms, 0258ms total)
TD9C73300 000:258 JLINK_TIF_Select(JLINKARM_TIF_SWD)  returns 0x00 (0000ms, 0258ms total)
TD9C73300 000:258 JLINK_Connect() >0x108 TIF>Found SWD-DP with ID 0x1BA01477 >0x0D TIF> >0x28 TIF> >0x0D TIF> >0x28 TIF> >0x0D TIF> >0x21 TIF> >0x0D TIF> >0x28 TIF> >0x0D TIF> >0x28 TIF> >0x0D TIF> >0x28 TIF> >0x0D TIF> >0x21 TIF> >0x0D TIF> >0x21 TIF> >0x0D TIF> >0x28 TIF> >0x0D TIF> >0x21 TIF> >0x0D TIF> >0x21 TIF> >0x108 TIF>Found SWD-DP with ID 0x1BA01477 >0x0D TIF> >0x21 TIF> >0x0D TIF> >0x28 TIF> >0x0D TIF> >0x28 TIF> >0x0D TIF> >0x21 TIF> >0x0D TIF> >0x28 TIF> >0x0D TIF> >0x21 TIF> >0x0D TIF>
 >0x21 TIF> >0x0D TIF> >0x21 TIF> >0x0D TIF> >0x21 TIF> >0x0D TIF> >0x28 TIF> >0x0D TIF> >0x28 TIF> >0x0D TIF> >0x21 TIF> >0x0D TIF> >0x28 TIF> >0x0D TIF> >0x28 TIF> >0x0D TIF> >0x28 TIF> >0x0D TIF> >0x21 TIF> >0x0D TIF> >0x21 TIF> >0x0D TIF> >0x28 TIF> >0x0D TIF> >0x21 TIF> >0x0D TIF> >0x21 TIF>Found Cortex-M3 r1p1, Little endian. -- CPU_WriteMem(4 bytes @ 0xE0002000) -- CPU_ReadMem(4 bytes @ 0xE000EDF0) -- CPU_ReadMem(4 bytes @ 0xE0002000)FPUnit: 6 code (BP) slots and 2 literal slots
 -- CPU_ReadMem(4 bytes @ 0xE000EDFC) -- CPU_ReadMem(4 bytes @ 0xE0001000) -- CPU_WriteMem(4 bytes @ 0xE0001000) -- CPU_ReadMem(4 bytes @ 0xE00FF010)TPIU fitted. -- CPU_ReadMem(4 bytes @ 0xE00FF014)ETM fitted. -- CPU_ReadMem(4 bytes @ 0xE00FF018)  returns 0x00 (0039ms, 0297ms total)
TD9C73300 000:297 JLINK_GetIdData(...) >0x0D TIF> >0x21 TIF> ScanLen=4 NumDevices=1 aId[0]=0x1BA01477 aIrRead[0]=0 aScanLen[0]=0 aScanRead[0]=0 (0001ms, 0298ms total)
TD9C73300 000:298 JLINK_JTAG_GetDeviceID(DeviceIndex = 0)  returns 0x00 (0000ms, 0298ms total)
TD9C73300 000:298 JLINK_GetDeviceFamily()  returns 3 (0000ms, 0298ms total)
TD9C73300 000:298 JLINK_GetDeviceFamily()  returns 3 (0000ms, 0298ms total)
TD9C73300 000:298 JLINK_GetDeviceFamily()  returns 3 (0000ms, 0298ms total)
TD9C73300 000:298 JLINK_GetDeviceFamily()  returns 3 (0000ms, 0298ms total)
TD9C73300 000:298 JLINK_SetSpeed(2000) (0000ms, 0298ms total)
TD9C73300 000:298 JLINK_GetHWStatus(...)  returns 0x00 (0000ms, 0298ms total)
TD9C73300 000:298 JLINK_GetSpeedInfo() 4000000 Hz / n, n >= 1 (0000ms, 0298ms total)
TD9C73300 000:298 JLINK_MeasureRTCKReactTime() (0000ms, 0298ms total)
TD9C73300 000:298 JLINK_GetSpeed()  returns 0x7D0 (0000ms, 0298ms total)
TD9C73300 000:299 JLINK_Halt()  returns 0x00 (0003ms, 0301ms total)
TD9C73300 000:302 JLINK_GetDeviceFamily()  returns 3 (0000ms, 0301ms total)
TD9C73300 000:302 JLINK_ReadRegs(NumRegs = 28, Indexes: 0, 1, 2, 3, 4, 5, 6, 7, 8, 9, 10, 11, 12, 13, 17, 18, 14, 15, 16, 21, 22, 23, 20, 27, 26, 25, 24, 65) -- CPU_ReadMem(4 bytes @ 0xE0001004)
 -- R0=0x00, R1=0x01, R2=0x42420404, R3=0x01, R4=0x20000000, R5=0x00, R6=0x00, R7=0x4221018C, R8=0x40021004, R9=0x80, R10=0x81, R11=0x40011400, R12=0xE000E018, R13 (SP)=0x2000BFB0, MSP=0x2000BFB0, PSP=0x3B5FC8F0, R14=0x8000839, R15 (PC)=0x8000888, XPSR=0x21000000, APSR=0x20000000, EPSR=0x1000000, IPSR=0x00, CFBP=0x01, CONTROL=0x00, FAULTMASK=0x00, BASEPRI=0x00, PRIMASK=0x01, CycleCnt=0xAAD12933  returns 0x00 (0001ms, 0302ms total)
TD9C73300 000:303 JLINK_IsHalted()  returns TRUE (0000ms, 0302ms total)
TD9C73300 000:303 JLINK_BeginDownload(Flags = 0x00) (0000ms, 0302ms total)
TD9C73300 000:303 JLINK_WriteMem(0x08000000, 0x0B88 Bytes, ...) -- Data:  00 C0 00 20 09 0B 00 08 07 0B 00 08 05 0B 00 08 ...  returns 0xB88 (0000ms, 0302ms total)
TD9C73300 000:303 JLINK_EndDownload() -- -------------------------------------- -- Start of determining dirty areas -- End of determining dirty areas -- Start of preparing flash programming -- Calculating RAM usage -- RAM usage = 2476 Bytes -- Preserving registers -- Preparing memory -- Determining CPU clock frequency -- CPU clock frequency: 4008 kHz -- CPU frequency = 4008 kHz -- Preparing target -- Downloading RAMCode -- Using alternate TurboMode RAMCode -- Checking target RAM -- Preparing RAMCode
 -- End of preparing flash programmingCPU is running at low speed (4008 kHz). -- CPU is running at 4008 kHz. -- Start of comparing flash -- CRC check was estimated as fastest method -- Comparing range 0x8000000 - 0x8000FFF (2 Sectors, 4 KB), using multi-block CRC calculation -- CRC does not match for sectors 0-1 -- End of comparing flash -- Start of erasing sectors -- Erasing range 0x08000000 - 0x08000FFF (  2 Sectors, 4 KB) -- End of erasing sectors -- Start of flash programming
 -- Programming range 0x08000000 - 0x08000FFF (  2 Sectors, 4 KB) -- End of flash programming -- Flash programming performed for 1 range (4096 bytes) -- 0x8000000 - 0x8000FFF (002 Sectors, 4 KB) -- Start of verifying flash -- Checksum calculation was estimated as fastest method -- End of verifying flash -- Start of restoring -- Restore RAMCode -- Restore content of target memory -- Restore target -- Restore memory -- Restore content of registers -- End of restoring
 -- Total time needed: 0.244s (Prepare: 0.080s, Compare: 0.011s, Erase: 0.045s, Program: 0.100s, Verify: 0.001s, Restore: 0.005s)  returns 0x1000 (0245ms, 0547ms total)
TD9C73300 000:548 JLINK_SetResetDelay(0) (0000ms, 0547ms total)
TD9C73300 000:548 JLINK_Reset() -- CPU_WriteMem(4 bytes @ 0xE000EDF0) -- CPU_WriteMem(4 bytes @ 0xE000EDFC) >0x35 TIF> -- CPU_WriteMem(4 bytes @ 0xE000ED0C) -- CPU_ReadMem(4 bytes @ 0xE000EDF0) -- CPU_ReadMem(4 bytes @ 0xE000EDF0) -- CPU_WriteMem(4 bytes @ 0xE000EDF0) -- CPU_WriteMem(4 bytes @ 0xE000EDFC) -- CPU is running -- CPU_ReadMem(4 bytes @ 0xE000EDF0) -- CPU_WriteMem(4 bytes @ 0xE0002000) (0016ms, 0563ms total)
TD9C73300 000:565 JLINK_GoEx(MaxEmulInsts = 0, Flags = 0x01) (0000ms, 0563ms total)
TD9C73300 000:671 JLINK_Close() >0x42 TIF> >0x28 TIF> >0x0D TIF> >0x21 TIF> (0002ms, 0565ms total)
TD9C73300 000:671  (0002ms, 0565ms total)
TD9C73300 000:671 Closed (0002ms, 0565ms total)
